{"timestamp": "2025-11-01T07:59:40.862552Z", "level": "INFO", "logger": "tae", "message": "Logging initialized", "module": "logger", "function": "setup_logging", "line": 89, "log_level": "INFO", "environment": "development"}
{"timestamp": "2025-11-01T07:59:40.961244Z", "level": "INFO", "logger": "tae", "message": "Starting Transaction Analysis Engine (TAE)", "module": "main", "function": "lifespan", "line": 28, "version": "1.0.0", "environment": "development", "port": 8002}
{"timestamp": "2025-11-01T07:59:40.984043Z", "level": "INFO", "logger": "tae", "message": "Database connection test successful", "module": "connection", "function": "test_connection", "line": 67}
{"timestamp": "2025-11-01T07:59:40.984192Z", "level": "INFO", "logger": "tae", "message": "Database connection established successfully", "module": "main", "function": "lifespan", "line": 45}
{"timestamp": "2025-11-01T08:07:28.357368Z", "level": "INFO", "logger": "tae", "message": "Shutting down Transaction Analysis Engine (TAE)", "module": "main", "function": "lifespan", "line": 50}
{"timestamp": "2025-11-01T08:07:28.367490Z", "level": "INFO", "logger": "tae", "message": "Database connection pool closed", "module": "connection", "function": "close_db_connection", "line": 83}
{"timestamp": "2025-11-01T08:12:34.809493Z", "level": "INFO", "logger": "tae", "message": "Logging initialized", "module": "logger", "function": "setup_logging", "line": 89, "log_level": "INFO", "environment": "development"}
{"timestamp": "2025-11-01T08:12:34.926038Z", "level": "INFO", "logger": "tae", "message": "Starting Transaction Analysis Engine (TAE)", "module": "main", "function": "lifespan", "line": 28, "version": "1.0.0", "environment": "development", "port": 8002}
{"timestamp": "2025-11-01T08:12:34.947569Z", "level": "INFO", "logger": "tae", "message": "Database connection test successful", "module": "connection", "function": "test_connection", "line": 67}
{"timestamp": "2025-11-01T08:12:34.947719Z", "level": "INFO", "logger": "tae", "message": "Database connection established successfully", "module": "main", "function": "lifespan", "line": 45}
{"timestamp": "2025-11-01T08:21:02.041411Z", "level": "INFO", "logger": "tae", "message": "Shutting down Transaction Analysis Engine (TAE)", "module": "main", "function": "lifespan", "line": 50}
{"timestamp": "2025-11-01T08:21:02.046805Z", "level": "INFO", "logger": "tae", "message": "Database connection pool closed", "module": "connection", "function": "close_db_connection", "line": 83}
{"timestamp": "2025-11-01T08:21:02.327957Z", "level": "INFO", "logger": "tae", "message": "Logging initialized", "module": "logger", "function": "setup_logging", "line": 89, "log_level": "INFO", "environment": "development"}
{"timestamp": "2025-11-01T08:21:02.454008Z", "level": "INFO", "logger": "tae", "message": "Starting Transaction Analysis Engine (TAE)", "module": "main", "function": "lifespan", "line": 28, "version": "1.0.0", "environment": "development", "port": 8002}
{"timestamp": "2025-11-01T08:21:02.474783Z", "level": "INFO", "logger": "tae", "message": "Database connection test successful", "module": "connection", "function": "test_connection", "line": 67}
{"timestamp": "2025-11-01T08:21:02.474964Z", "level": "INFO", "logger": "tae", "message": "Database connection established successfully", "module": "main", "function": "lifespan", "line": 45}
{"timestamp": "2025-11-01T08:21:16.631821Z", "level": "INFO", "logger": "tae", "message": "Shutting down Transaction Analysis Engine (TAE)", "module": "main", "function": "lifespan", "line": 50}
{"timestamp": "2025-11-01T08:21:16.633892Z", "level": "INFO", "logger": "tae", "message": "Database connection pool closed", "module": "connection", "function": "close_db_connection", "line": 83}
{"timestamp": "2025-11-01T08:21:37.234769Z", "level": "INFO", "logger": "tae", "message": "Logging initialized", "module": "logger", "function": "setup_logging", "line": 89, "log_level": "INFO", "environment": "development"}
{"timestamp": "2025-11-01T08:35:58.799725Z", "level": "INFO", "logger": "tae", "message": "Logging initialized", "module": "logger", "function": "setup_logging", "line": 89, "log_level": "INFO", "environment": "development"}
{"timestamp": "2025-11-01T08:37:22.552159Z", "level": "INFO", "logger": "tae", "message": "Logging initialized", "module": "logger", "function": "setup_logging", "line": 89, "log_level": "INFO", "environment": "development"}
{"timestamp": "2025-11-01T08:39:45.006964Z", "level": "INFO", "logger": "tae", "message": "Logging initialized", "module": "logger", "function": "setup_logging", "line": 89, "log_level": "INFO", "environment": "development"}
{"timestamp": "2025-11-01T08:39:51.437625Z", "level": "INFO", "logger": "tae", "message": "Logging initialized", "module": "logger", "function": "setup_logging", "line": 89, "log_level": "INFO", "environment": "development"}
{"timestamp": "2025-11-01T08:39:58.402557Z", "level": "INFO", "logger": "tae", "message": "Logging initialized", "module": "logger", "function": "setup_logging", "line": 89, "log_level": "INFO", "environment": "development"}
{"timestamp": "2025-11-01T08:40:04.723056Z", "level": "INFO", "logger": "tae", "message": "Logging initialized", "module": "logger", "function": "setup_logging", "line": 89, "log_level": "INFO", "environment": "development"}
{"timestamp": "2025-11-01T08:40:10.074818Z", "level": "INFO", "logger": "tae", "message": "Logging initialized", "module": "logger", "function": "setup_logging", "line": 89, "log_level": "INFO", "environment": "development"}
{"timestamp": "2025-11-01T08:40:30.753703Z", "level": "INFO", "logger": "tae", "message": "Logging initialized", "module": "logger", "function": "setup_logging", "line": 89, "log_level": "INFO", "environment": "development"}
{"timestamp": "2025-11-01T08:40:59.505337Z", "level": "INFO", "logger": "tae", "message": "Logging initialized", "module": "logger", "function": "setup_logging", "line": 89, "log_level": "INFO", "environment": "development"}
{"timestamp": "2025-11-01T08:41:01.701801Z", "level": "INFO", "logger": "tae", "message": "Logging initialized", "module": "logger", "function": "setup_logging", "line": 89, "log_level": "INFO", "environment": "development"}
{"timestamp": "2025-11-01T08:41:02.757033Z", "level": "INFO", "logger": "tae", "message": "Logging initialized", "module": "logger", "function": "setup_logging", "line": 89, "log_level": "INFO", "environment": "development"}
{"timestamp": "2025-11-01T08:41:03.717345Z", "level": "INFO", "logger": "tae", "message": "Logging initialized", "module": "logger", "function": "setup_logging", "line": 89, "log_level": "INFO", "environment": "development"}
{"timestamp": "2025-11-01T08:43:45.257115Z", "level": "INFO", "logger": "tae", "message": "Logging initialized", "module": "logger", "function": "setup_logging", "line": 89, "log_level": "INFO", "environment": "development"}
{"timestamp": "2025-11-01T08:48:17.483336Z", "level": "INFO", "logger": "tae", "message": "Logging initialized", "module": "logger", "function": "setup_logging", "line": 89, "log_level": "INFO", "environment": "development"}
{"timestamp": "2025-11-01T09:41:26.008735Z", "level": "INFO", "logger": "tae", "message": "Logging initialized", "module": "logger", "function": "setup_logging", "line": 89, "log_level": "INFO", "environment": "development"}
{"timestamp": "2025-11-01T09:42:24.005167Z", "level": "INFO", "logger": "tae", "message": "Logging initialized", "module": "logger", "function": "setup_logging", "line": 89, "log_level": "INFO", "environment": "development"}
{"timestamp": "2025-11-01T09:43:08.723436Z", "level": "INFO", "logger": "tae", "message": "Logging initialized", "module": "logger", "function": "setup_logging", "line": 89, "log_level": "INFO", "environment": "development"}
{"timestamp": "2025-11-01T09:44:12.202157Z", "level": "INFO", "logger": "tae", "message": "Logging initialized", "module": "logger", "function": "setup_logging", "line": 89, "log_level": "INFO", "environment": "development"}
{"timestamp": "2025-11-01T09:44:12.377630Z", "level": "INFO", "logger": "tae", "message": "Starting Transaction Analysis Engine (TAE)", "module": "main", "function": "lifespan", "line": 28, "version": "1.0.0", "environment": "development", "port": 8002}
{"timestamp": "2025-11-01T09:44:12.413492Z", "level": "INFO", "logger": "tae", "message": "Database connection test successful", "module": "connection", "function": "test_connection", "line": 67}
{"timestamp": "2025-11-01T09:44:12.413743Z", "level": "INFO", "logger": "tae", "message": "Database connection established successfully", "module": "main", "function": "lifespan", "line": 45}
{"timestamp": "2025-11-01T09:44:22.844670Z", "level": "INFO", "logger": "tae", "message": "Shutting down Transaction Analysis Engine (TAE)", "module": "main", "function": "lifespan", "line": 50}
{"timestamp": "2025-11-01T09:44:22.847559Z", "level": "INFO", "logger": "tae", "message": "Database connection pool closed", "module": "connection", "function": "close_db_connection", "line": 83}
{"timestamp": "2025-11-01T09:45:14.960044Z", "level": "INFO", "logger": "tae", "message": "Logging initialized", "module": "logger", "function": "setup_logging", "line": 89, "log_level": "INFO", "environment": "development"}
{"timestamp": "2025-11-01T09:45:15.071336Z", "level": "INFO", "logger": "tae", "message": "Starting Transaction Analysis Engine (TAE)", "module": "main", "function": "lifespan", "line": 28, "version": "1.0.0", "environment": "development", "port": 8002}
{"timestamp": "2025-11-01T09:45:15.105018Z", "level": "INFO", "logger": "tae", "message": "Database connection test successful", "module": "connection", "function": "test_connection", "line": 67}
{"timestamp": "2025-11-01T09:45:15.105333Z", "level": "INFO", "logger": "tae", "message": "Database connection established successfully", "module": "main", "function": "lifespan", "line": 45}
{"timestamp": "2025-11-01T11:00:28.594434Z", "level": "INFO", "logger": "tae", "message": "Shutting down Transaction Analysis Engine (TAE)", "module": "main", "function": "lifespan", "line": 50}
{"timestamp": "2025-11-01T11:00:28.608222Z", "level": "INFO", "logger": "tae", "message": "Database connection pool closed", "module": "connection", "function": "close_db_connection", "line": 83}
{"timestamp": "2025-11-01T11:00:28.960895Z", "level": "INFO", "logger": "tae", "message": "Logging initialized", "module": "logger", "function": "setup_logging", "line": 89, "log_level": "INFO", "environment": "development"}
{"timestamp": "2025-11-01T11:00:29.114681Z", "level": "INFO", "logger": "tae", "message": "Starting Transaction Analysis Engine (TAE)", "module": "main", "function": "lifespan", "line": 28, "version": "1.0.0", "environment": "development", "port": 8002}
{"timestamp": "2025-11-01T11:00:29.135523Z", "level": "INFO", "logger": "tae", "message": "Database connection test successful", "module": "connection", "function": "test_connection", "line": 67}
{"timestamp": "2025-11-01T11:00:29.135687Z", "level": "INFO", "logger": "tae", "message": "Database connection established successfully", "module": "main", "function": "lifespan", "line": 45}
{"timestamp": "2025-11-01T11:00:32.691487Z", "level": "INFO", "logger": "tae", "message": "Shutting down Transaction Analysis Engine (TAE)", "module": "main", "function": "lifespan", "line": 50}
{"timestamp": "2025-11-01T11:00:32.696529Z", "level": "INFO", "logger": "tae", "message": "Database connection pool closed", "module": "connection", "function": "close_db_connection", "line": 83}
{"timestamp": "2025-11-01T11:00:32.936858Z", "level": "INFO", "logger": "tae", "message": "Logging initialized", "module": "logger", "function": "setup_logging", "line": 89, "log_level": "INFO", "environment": "development"}
{"timestamp": "2025-11-01T11:00:33.044280Z", "level": "INFO", "logger": "tae", "message": "Starting Transaction Analysis Engine (TAE)", "module": "main", "function": "lifespan", "line": 28, "version": "1.0.0", "environment": "development", "port": 8002}
{"timestamp": "2025-11-01T11:00:33.064211Z", "level": "INFO", "logger": "tae", "message": "Database connection test successful", "module": "connection", "function": "test_connection", "line": 67}
{"timestamp": "2025-11-01T11:00:33.064433Z", "level": "INFO", "logger": "tae", "message": "Database connection established successfully", "module": "main", "function": "lifespan", "line": 45}
{"timestamp": "2025-11-01T11:00:34.887382Z", "level": "INFO", "logger": "tae", "message": "Shutting down Transaction Analysis Engine (TAE)", "module": "main", "function": "lifespan", "line": 50}
{"timestamp": "2025-11-01T11:00:34.889522Z", "level": "INFO", "logger": "tae", "message": "Database connection pool closed", "module": "connection", "function": "close_db_connection", "line": 83}
{"timestamp": "2025-11-01T11:00:35.117700Z", "level": "INFO", "logger": "tae", "message": "Logging initialized", "module": "logger", "function": "setup_logging", "line": 89, "log_level": "INFO", "environment": "development"}
{"timestamp": "2025-11-01T11:00:35.222445Z", "level": "INFO", "logger": "tae", "message": "Starting Transaction Analysis Engine (TAE)", "module": "main", "function": "lifespan", "line": 28, "version": "1.0.0", "environment": "development", "port": 8002}
{"timestamp": "2025-11-01T11:00:35.241644Z", "level": "INFO", "logger": "tae", "message": "Database connection test successful", "module": "connection", "function": "test_connection", "line": 67}
{"timestamp": "2025-11-01T11:00:35.241846Z", "level": "INFO", "logger": "tae", "message": "Database connection established successfully", "module": "main", "function": "lifespan", "line": 45}
{"timestamp": "2025-11-01T11:00:37.880955Z", "level": "INFO", "logger": "tae", "message": "Shutting down Transaction Analysis Engine (TAE)", "module": "main", "function": "lifespan", "line": 50}
{"timestamp": "2025-11-01T11:00:37.885357Z", "level": "INFO", "logger": "tae", "message": "Database connection pool closed", "module": "connection", "function": "close_db_connection", "line": 83}
{"timestamp": "2025-11-01T11:00:38.114323Z", "level": "INFO", "logger": "tae", "message": "Logging initialized", "module": "logger", "function": "setup_logging", "line": 89, "log_level": "INFO", "environment": "development"}
{"timestamp": "2025-11-01T11:00:38.220356Z", "level": "INFO", "logger": "tae", "message": "Starting Transaction Analysis Engine (TAE)", "module": "main", "function": "lifespan", "line": 28, "version": "1.0.0", "environment": "development", "port": 8002}
{"timestamp": "2025-11-01T11:00:38.240708Z", "level": "INFO", "logger": "tae", "message": "Database connection test successful", "module": "connection", "function": "test_connection", "line": 67}
{"timestamp": "2025-11-01T11:00:38.240869Z", "level": "INFO", "logger": "tae", "message": "Database connection established successfully", "module": "main", "function": "lifespan", "line": 45}
{"timestamp": "2025-11-01T11:00:39.971280Z", "level": "INFO", "logger": "tae", "message": "Shutting down Transaction Analysis Engine (TAE)", "module": "main", "function": "lifespan", "line": 50}
{"timestamp": "2025-11-01T11:00:39.974999Z", "level": "INFO", "logger": "tae", "message": "Database connection pool closed", "module": "connection", "function": "close_db_connection", "line": 83}
{"timestamp": "2025-11-01T11:00:40.199284Z", "level": "INFO", "logger": "tae", "message": "Logging initialized", "module": "logger", "function": "setup_logging", "line": 89, "log_level": "INFO", "environment": "development"}
{"timestamp": "2025-11-01T11:00:40.300170Z", "level": "INFO", "logger": "tae", "message": "Starting Transaction Analysis Engine (TAE)", "module": "main", "function": "lifespan", "line": 28, "version": "1.0.0", "environment": "development", "port": 8002}
{"timestamp": "2025-11-01T11:00:40.320404Z", "level": "INFO", "logger": "tae", "message": "Database connection test successful", "module": "connection", "function": "test_connection", "line": 67}
{"timestamp": "2025-11-01T11:00:40.320587Z", "level": "INFO", "logger": "tae", "message": "Database connection established successfully", "module": "main", "function": "lifespan", "line": 45}
{"timestamp": "2025-11-01T11:00:42.556113Z", "level": "INFO", "logger": "tae", "message": "Shutting down Transaction Analysis Engine (TAE)", "module": "main", "function": "lifespan", "line": 50}
{"timestamp": "2025-11-01T11:00:42.559771Z", "level": "INFO", "logger": "tae", "message": "Database connection pool closed", "module": "connection", "function": "close_db_connection", "line": 83}
{"timestamp": "2025-11-01T11:00:42.776216Z", "level": "INFO", "logger": "tae", "message": "Logging initialized", "module": "logger", "function": "setup_logging", "line": 89, "log_level": "INFO", "environment": "development"}
{"timestamp": "2025-11-01T11:00:42.880911Z", "level": "INFO", "logger": "tae", "message": "Starting Transaction Analysis Engine (TAE)", "module": "main", "function": "lifespan", "line": 28, "version": "1.0.0", "environment": "development", "port": 8002}
{"timestamp": "2025-11-01T11:00:42.901555Z", "level": "INFO", "logger": "tae", "message": "Database connection test successful", "module": "connection", "function": "test_connection", "line": 67}
{"timestamp": "2025-11-01T11:00:42.901738Z", "level": "INFO", "logger": "tae", "message": "Database connection established successfully", "module": "main", "function": "lifespan", "line": 45}
{"timestamp": "2025-11-01T11:00:45.045210Z", "level": "INFO", "logger": "tae", "message": "Shutting down Transaction Analysis Engine (TAE)", "module": "main", "function": "lifespan", "line": 50}
{"timestamp": "2025-11-01T11:00:45.049759Z", "level": "INFO", "logger": "tae", "message": "Database connection pool closed", "module": "connection", "function": "close_db_connection", "line": 83}
{"timestamp": "2025-11-01T11:00:45.288235Z", "level": "INFO", "logger": "tae", "message": "Logging initialized", "module": "logger", "function": "setup_logging", "line": 89, "log_level": "INFO", "environment": "development"}
{"timestamp": "2025-11-01T11:00:45.389820Z", "level": "INFO", "logger": "tae", "message": "Starting Transaction Analysis Engine (TAE)", "module": "main", "function": "lifespan", "line": 28, "version": "1.0.0", "environment": "development", "port": 8002}
{"timestamp": "2025-11-01T11:00:45.410462Z", "level": "INFO", "logger": "tae", "message": "Database connection test successful", "module": "connection", "function": "test_connection", "line": 67}
{"timestamp": "2025-11-01T11:00:45.410699Z", "level": "INFO", "logger": "tae", "message": "Database connection established successfully", "module": "main", "function": "lifespan", "line": 45}
{"timestamp": "2025-11-01T11:00:49.885187Z", "level": "INFO", "logger": "tae", "message": "Shutting down Transaction Analysis Engine (TAE)", "module": "main", "function": "lifespan", "line": 50}
{"timestamp": "2025-11-01T11:00:49.887485Z", "level": "INFO", "logger": "tae", "message": "Database connection pool closed", "module": "connection", "function": "close_db_connection", "line": 83}
{"timestamp": "2025-11-01T11:00:50.107049Z", "level": "INFO", "logger": "tae", "message": "Logging initialized", "module": "logger", "function": "setup_logging", "line": 89, "log_level": "INFO", "environment": "development"}
{"timestamp": "2025-11-01T11:00:50.206665Z", "level": "INFO", "logger": "tae", "message": "Starting Transaction Analysis Engine (TAE)", "module": "main", "function": "lifespan", "line": 28, "version": "1.0.0", "environment": "development", "port": 8002}
{"timestamp": "2025-11-01T11:00:50.227055Z", "level": "INFO", "logger": "tae", "message": "Database connection test successful", "module": "connection", "function": "test_connection", "line": 67}
{"timestamp": "2025-11-01T11:00:50.227225Z", "level": "INFO", "logger": "tae", "message": "Database connection established successfully", "module": "main", "function": "lifespan", "line": 45}
{"timestamp": "2025-11-01T11:00:57.837435Z", "level": "INFO", "logger": "tae", "message": "Shutting down Transaction Analysis Engine (TAE)", "module": "main", "function": "lifespan", "line": 50}
{"timestamp": "2025-11-01T11:00:57.841229Z", "level": "INFO", "logger": "tae", "message": "Database connection pool closed", "module": "connection", "function": "close_db_connection", "line": 83}
